INFO [acme.Launcher] Starting Launcher using Java 1.8.0_221 on CAPONATA with PID 21788 (D:\Courses\D&T\20-21\Workspace-21.2\Starters\Starter-Project\target\classes started by corchu in D:\Courses\D&T\20-21\Workspace-21.2\Starters\Starter-Project)
INFO [acme.Launcher] The following profiles are active: development,populator
INFO [acme.Launcher] Started Launcher in 4.966 seconds (JVM running for 5.623)
INFO [acme.framework.utilities.DatabasePopulator] Populating sample data
INFO [acme.framework.utilities.DatabasePopulator] Recreating schema
INFO [acme.framework.utilities.DatabasePopulator] Populating entities from classpath:/WEB-INF/population/initial-data.xml
INFO [acme.framework.utilities.DatabasePopulator] Validating your entities.
INFO [acme.framework.utilities.DatabasePopulator] Validating anonymousUserAccount ... PASS
INFO [acme.framework.utilities.DatabasePopulator] Validating anonymousAnonymous ... PASS
INFO [acme.framework.utilities.DatabasePopulator] Validating administratorUserAccount ... PASS
INFO [acme.framework.utilities.DatabasePopulator] Validating administratorAdministrator ... PASS
INFO [acme.framework.utilities.DatabasePopulator] Validating administratorAuthenticated ... PASS
INFO [acme.framework.utilities.DatabasePopulator] Sorting your entities topologically.
INFO [acme.framework.utilities.DatabasePopulator] > Setting index 0 for anonymousUserAccount.
INFO [acme.framework.utilities.DatabasePopulator] > Setting index 1 for anonymousAnonymous.
INFO [acme.framework.utilities.DatabasePopulator] > Setting index 2 for administratorUserAccount.
INFO [acme.framework.utilities.DatabasePopulator] > Setting index 3 for administratorAdministrator.
INFO [acme.framework.utilities.DatabasePopulator] > Setting index 4 for administratorAuthenticated.
INFO [acme.framework.utilities.DatabasePopulator] Persiting your entities.
INFO [acme.framework.utilities.DatabasePopulator] > Persisting anonymousUserAccount = acme.framework.entities.UserAccount{id=1, version=0}
INFO [acme.framework.utilities.DatabasePopulator] > Persisting anonymousAnonymous = acme.framework.entities.Anonymous{id=2, version=0}
INFO [acme.framework.utilities.DatabasePopulator] > Persisting administratorUserAccount = acme.framework.entities.UserAccount{id=3, version=0}
INFO [acme.framework.utilities.DatabasePopulator] > Persisting administratorAdministrator = acme.framework.entities.Administrator{id=4, version=0}
INFO [acme.framework.utilities.DatabasePopulator] > Persisting administratorAuthenticated = acme.framework.entities.Authenticated{id=5, version=0}
INFO [acme.framework.utilities.DatabasePopulator] Populating entities from classpath:/WEB-INF/population/sample-data.xml
INFO [acme.framework.utilities.DatabasePopulator] Validating your entities.
INFO [acme.framework.utilities.DatabasePopulator] Sorting your entities topologically.
INFO [acme.framework.utilities.DatabasePopulator] Persiting your entities.
INFO [acme.framework.configuration.ShutdownConfiguration] The system is shutting down...
INFO [acme.Launcher] Starting Launcher using Java 1.8.0_221 on CAPONATA with PID 19292 (D:\Courses\D&T\20-21\Workspace-21.2\Starters\Starter-Project\target\classes started by corchu in D:\Courses\D&T\20-21\Workspace-21.2\Starters\Starter-Project)
INFO [acme.Launcher] The following profiles are active: development,populator
INFO [acme.Launcher] Started Launcher in 5.143 seconds (JVM running for 5.797)
INFO [acme.framework.utilities.DatabasePopulator] Populating sample data
INFO [acme.framework.utilities.DatabasePopulator] Recreating schema
INFO [acme.framework.utilities.DatabasePopulator] Populating entities from classpath:/WEB-INF/population/initial-data.xml
INFO [acme.framework.utilities.DatabasePopulator] Validating your entities.
INFO [acme.framework.utilities.DatabasePopulator] Validating anonymousUserAccount ... PASS
INFO [acme.framework.utilities.DatabasePopulator] Validating anonymousAnonymous ... PASS
INFO [acme.framework.utilities.DatabasePopulator] Validating administratorUserAccount ... PASS
INFO [acme.framework.utilities.DatabasePopulator] Validating administratorAdministrator ... PASS
INFO [acme.framework.utilities.DatabasePopulator] Validating administratorAuthenticated ... PASS
INFO [acme.framework.utilities.DatabasePopulator] Sorting your entities topologically.
INFO [acme.framework.utilities.DatabasePopulator] > Setting index 0 for anonymousUserAccount.
INFO [acme.framework.utilities.DatabasePopulator] > Setting index 1 for anonymousAnonymous.
INFO [acme.framework.utilities.DatabasePopulator] > Setting index 2 for administratorUserAccount.
INFO [acme.framework.utilities.DatabasePopulator] > Setting index 3 for administratorAdministrator.
INFO [acme.framework.utilities.DatabasePopulator] > Setting index 4 for administratorAuthenticated.
INFO [acme.framework.utilities.DatabasePopulator] Persiting your entities.
INFO [acme.framework.utilities.DatabasePopulator] > Persisting anonymousUserAccount = acme.framework.entities.UserAccount{id=1, version=0}
INFO [acme.framework.utilities.DatabasePopulator] > Persisting anonymousAnonymous = acme.framework.entities.Anonymous{id=2, version=0}
INFO [acme.framework.utilities.DatabasePopulator] > Persisting administratorUserAccount = acme.framework.entities.UserAccount{id=3, version=0}
INFO [acme.framework.utilities.DatabasePopulator] > Persisting administratorAdministrator = acme.framework.entities.Administrator{id=4, version=0}
INFO [acme.framework.utilities.DatabasePopulator] > Persisting administratorAuthenticated = acme.framework.entities.Authenticated{id=5, version=0}
INFO [acme.framework.utilities.DatabasePopulator] Populating entities from classpath:/WEB-INF/population/sample-data.xml
INFO [acme.framework.utilities.DatabasePopulator] Validating your entities.
INFO [acme.framework.utilities.DatabasePopulator] Sorting your entities topologically.
INFO [acme.framework.utilities.DatabasePopulator] Persiting your entities.
INFO [acme.framework.configuration.ShutdownConfiguration] The system is shutting down...
INFO [acme.Launcher] Starting Launcher using Java 1.8.0_221 on CAPONATA with PID 3900 (D:\Courses\D&T\20-21\Workspace-21.2\Starters\Starter-Project\target\classes started by corchu in D:\Courses\D&T\20-21\Workspace-21.2\Starters\Starter-Project)
INFO [acme.Launcher] The following profiles are active: development,populator
INFO [acme.Launcher] Started Launcher in 5.325 seconds (JVM running for 5.969)
INFO [acme.framework.utilities.DatabasePopulator] Populating initial data
INFO [acme.framework.utilities.DatabasePopulator] Recreating schema
INFO [acme.framework.utilities.DatabasePopulator] Populating entities from classpath:/WEB-INF/population/initial-data.xml
INFO [acme.framework.utilities.DatabasePopulator] Validating your entities.
INFO [acme.framework.utilities.DatabasePopulator] Validating anonymousUserAccount ... PASS
INFO [acme.framework.utilities.DatabasePopulator] Validating anonymousAnonymous ... PASS
INFO [acme.framework.utilities.DatabasePopulator] Validating administratorUserAccount ... PASS
INFO [acme.framework.utilities.DatabasePopulator] Validating administratorAdministrator ... PASS
INFO [acme.framework.utilities.DatabasePopulator] Validating administratorAuthenticated ... PASS
INFO [acme.framework.utilities.DatabasePopulator] Sorting your entities topologically.
INFO [acme.framework.utilities.DatabasePopulator] > Setting index 0 for anonymousUserAccount.
INFO [acme.framework.utilities.DatabasePopulator] > Setting index 1 for anonymousAnonymous.
INFO [acme.framework.utilities.DatabasePopulator] > Setting index 2 for administratorUserAccount.
INFO [acme.framework.utilities.DatabasePopulator] > Setting index 3 for administratorAdministrator.
INFO [acme.framework.utilities.DatabasePopulator] > Setting index 4 for administratorAuthenticated.
INFO [acme.framework.utilities.DatabasePopulator] Persiting your entities.
INFO [acme.framework.utilities.DatabasePopulator] > Persisting anonymousUserAccount = acme.framework.entities.UserAccount{id=1, version=0}
INFO [acme.framework.utilities.DatabasePopulator] > Persisting anonymousAnonymous = acme.framework.entities.Anonymous{id=2, version=0}
INFO [acme.framework.utilities.DatabasePopulator] > Persisting administratorUserAccount = acme.framework.entities.UserAccount{id=3, version=0}
INFO [acme.framework.utilities.DatabasePopulator] > Persisting administratorAdministrator = acme.framework.entities.Administrator{id=4, version=0}
INFO [acme.framework.utilities.DatabasePopulator] > Persisting administratorAuthenticated = acme.framework.entities.Authenticated{id=5, version=0}
INFO [acme.framework.configuration.ShutdownConfiguration] The system is shutting down...
WARN [org.hibernate.orm.connections.pooling] HHH10001002: Using Hibernate built-in connection pool (not for production use!)
INFO [acme.Launcher] Starting Launcher using Java 1.8.0_281 on LAPTOP-3MG9834M with PID 10828 (C:\Users\fjrod\Workspace-21.1\Projects\2020-G2-DP2-JUNE-G18\target\classes started by fjrod in C:\Users\fjrod\Workspace-21.1\Projects\2020-G2-DP2-JUNE-G18)
INFO [acme.Launcher] The following profiles are active: development,populator
INFO [acme.Launcher] Started Launcher in 7.531 seconds (JVM running for 8.243)
INFO [acme.framework.utilities.DatabasePopulator] Populating initial data
INFO [acme.framework.utilities.DatabasePopulator] Recreating schema
INFO [acme.framework.utilities.DatabasePopulator] Populating entities from classpath:/WEB-INF/population/initial-data.xml
INFO [acme.framework.utilities.DatabasePopulator] Validating your entities.
INFO [acme.framework.utilities.DatabasePopulator] Validating anonymousUserAccount ... PASS
INFO [acme.framework.utilities.DatabasePopulator] Validating anonymousAnonymous ... PASS
INFO [acme.framework.utilities.DatabasePopulator] Validating administratorUserAccount ... PASS
INFO [acme.framework.utilities.DatabasePopulator] Validating administratorAdministrator ... PASS
INFO [acme.framework.utilities.DatabasePopulator] Validating administratorAuthenticated ... PASS
INFO [acme.framework.utilities.DatabasePopulator] Sorting your entities topologically.
INFO [acme.framework.utilities.DatabasePopulator] > Setting index 0 for anonymousUserAccount.
INFO [acme.framework.utilities.DatabasePopulator] > Setting index 1 for anonymousAnonymous.
INFO [acme.framework.utilities.DatabasePopulator] > Setting index 2 for administratorUserAccount.
INFO [acme.framework.utilities.DatabasePopulator] > Setting index 3 for administratorAdministrator.
INFO [acme.framework.utilities.DatabasePopulator] > Setting index 4 for administratorAuthenticated.
INFO [acme.framework.utilities.DatabasePopulator] Persiting your entities.
INFO [acme.framework.utilities.DatabasePopulator] > Persisting anonymousUserAccount = acme.framework.entities.UserAccount{id=1, version=0}
INFO [acme.framework.utilities.DatabasePopulator] > Persisting anonymousAnonymous = acme.framework.entities.Anonymous{id=2, version=0}
INFO [acme.framework.utilities.DatabasePopulator] > Persisting administratorUserAccount = acme.framework.entities.UserAccount{id=3, version=0}
INFO [acme.framework.utilities.DatabasePopulator] > Persisting administratorAdministrator = acme.framework.entities.Administrator{id=4, version=0}
INFO [acme.framework.utilities.DatabasePopulator] > Persisting administratorAuthenticated = acme.framework.entities.Authenticated{id=5, version=0}
INFO [acme.framework.configuration.ShutdownConfiguration] The system is shutting down...
ERROR [org.springframework.orm.jpa.LocalContainerEntityManagerFactoryBean] Failed to initialize JPA EntityManagerFactory: [PersistenceUnit: default] Unable to build Hibernate SessionFactory; nested exception is org.hibernate.tool.schema.spi.SchemaManagementException: Schema-validation: missing table [shout]
WARN [org.springframework.boot.web.servlet.context.AnnotationConfigServletWebServerApplicationContext] Exception encountered during context initialization - cancelling refresh attempt: org.springframework.beans.factory.BeanCreationException: Error creating bean with name 'entityManagerFactory' defined in class path resource [org/springframework/boot/autoconfigure/orm/jpa/HibernateJpaConfiguration.class]: Invocation of init method failed; nested exception is javax.persistence.PersistenceException: [PersistenceUnit: default] Unable to build Hibernate SessionFactory; nested exception is org.hibernate.tool.schema.spi.SchemaManagementException: Schema-validation: missing table [shout]
ERROR [org.springframework.boot.SpringApplication] at org.springframework.beans.factory.support.AbstractAutowireCapableBeanFactory.initializeBean(AbstractAutowireCapableBeanFactory.java:1788): Error creating bean with name 'entityManagerFactory' defined in class path resource [org/springframework/boot/autoconfigure/orm/jpa/HibernateJpaConfiguration.class]: Invocation of init method failed; nested exception is javax.persistence.PersistenceException: [PersistenceUnit: default] Unable to build Hibernate SessionFactory; nested exception is org.hibernate.tool.schema.spi.SchemaManagementException: Schema-validation: missing table [shout]
at org.springframework.orm.jpa.AbstractEntityManagerFactoryBean.buildNativeEntityManagerFactory(AbstractEntityManagerFactoryBean.java:421): [PersistenceUnit: default] Unable to build Hibernate SessionFactory; nested exception is org.hibernate.tool.schema.spi.SchemaManagementException: Schema-validation: missing table [shout]
at org.hibernate.tool.schema.internal.AbstractSchemaValidator.validateTable(AbstractSchemaValidator.java:121): Schema-validation: missing table [shout]
INFO [acme.Launcher] Starting Launcher using Java 1.8.0_281 on LAPTOP-3MG9834M with PID 14544 (C:\Users\fjrod\Workspace-21.1\Projects\2020-G2-DP2-JUNE-G18\target\classes started by fjrod in C:\Users\fjrod\Workspace-21.1\Projects\2020-G2-DP2-JUNE-G18)
INFO [acme.Launcher] The following profiles are active: development,populator
INFO [acme.Launcher] Started Launcher in 7.969 seconds (JVM running for 8.703)
INFO [acme.framework.utilities.DatabasePopulator] Populating initial data
INFO [acme.framework.utilities.DatabasePopulator] Recreating schema
INFO [acme.framework.utilities.DatabasePopulator] Populating entities from classpath:/WEB-INF/population/initial-data.xml
INFO [acme.framework.utilities.DatabasePopulator] Validating your entities.
INFO [acme.framework.utilities.DatabasePopulator] Validating anonymousUserAccount ... PASS
INFO [acme.framework.utilities.DatabasePopulator] Validating anonymousAnonymous ... PASS
INFO [acme.framework.utilities.DatabasePopulator] Validating administratorUserAccount ... PASS
INFO [acme.framework.utilities.DatabasePopulator] Validating administratorAdministrator ... PASS
INFO [acme.framework.utilities.DatabasePopulator] Validating administratorAuthenticated ... PASS
INFO [acme.framework.utilities.DatabasePopulator] Sorting your entities topologically.
INFO [acme.framework.utilities.DatabasePopulator] > Setting index 0 for anonymousUserAccount.
INFO [acme.framework.utilities.DatabasePopulator] > Setting index 1 for anonymousAnonymous.
INFO [acme.framework.utilities.DatabasePopulator] > Setting index 2 for administratorUserAccount.
INFO [acme.framework.utilities.DatabasePopulator] > Setting index 3 for administratorAdministrator.
INFO [acme.framework.utilities.DatabasePopulator] > Setting index 4 for administratorAuthenticated.
INFO [acme.framework.utilities.DatabasePopulator] Persiting your entities.
INFO [acme.framework.utilities.DatabasePopulator] > Persisting anonymousUserAccount = acme.framework.entities.UserAccount{id=1, version=0}
INFO [acme.framework.utilities.DatabasePopulator] > Persisting anonymousAnonymous = acme.framework.entities.Anonymous{id=2, version=0}
INFO [acme.framework.utilities.DatabasePopulator] > Persisting administratorUserAccount = acme.framework.entities.UserAccount{id=3, version=0}
INFO [acme.framework.utilities.DatabasePopulator] > Persisting administratorAdministrator = acme.framework.entities.Administrator{id=4, version=0}
INFO [acme.framework.utilities.DatabasePopulator] > Persisting administratorAuthenticated = acme.framework.entities.Authenticated{id=5, version=0}
INFO [acme.framework.configuration.ShutdownConfiguration] The system is shutting down...
ERROR [org.apache.jsp.WEB_002dINF.views.framework.panic_jsp] HTTP GET /Starter-Project/WEB-INF/views/framework/page.jsp HTTP/1.1
ERROR [org.apache.jsp.WEB_002dINF.views.framework.panic_jsp] Status: 500
ERROR [org.apache.jsp.WEB_002dINF.views.framework.panic_jsp] Exception: java.lang.AssertionError
ERROR [org.apache.jsp.WEB_002dINF.views.framework.panic_jsp] HTTP GET /Starter-Project/WEB-INF/views/framework/page.jsp HTTP/1.1
ERROR [org.apache.jsp.WEB_002dINF.views.framework.panic_jsp] Status: 500
ERROR [org.apache.jsp.WEB_002dINF.views.framework.panic_jsp] Exception: java.lang.AssertionError
INFO [acme.Launcher] Starting Launcher using Java 1.8.0_281 on LAPTOP-3MG9834M with PID 16312 (C:\Users\fjrod\Workspace-21.1\Projects\2020-G2-DP2-JUNE-G18\target\classes started by fjrod in C:\Users\fjrod\Workspace-21.1\Projects\2020-G2-DP2-JUNE-G18)
INFO [acme.Launcher] The following profiles are active: development,populator
INFO [acme.Launcher] Started Launcher in 7.404 seconds (JVM running for 8.089)
INFO [acme.framework.utilities.DatabasePopulator] Populating initial data
INFO [acme.framework.utilities.DatabasePopulator] Recreating schema
INFO [acme.framework.utilities.DatabasePopulator] Populating entities from classpath:/WEB-INF/population/initial-data.xml
INFO [acme.framework.utilities.DatabasePopulator] Validating your entities.
INFO [acme.framework.utilities.DatabasePopulator] Validating anonymousUserAccount ... PASS
INFO [acme.framework.utilities.DatabasePopulator] Validating anonymousAnonymous ... PASS
INFO [acme.framework.utilities.DatabasePopulator] Validating administratorUserAccount ... PASS
INFO [acme.framework.utilities.DatabasePopulator] Validating administratorAdministrator ... PASS
INFO [acme.framework.utilities.DatabasePopulator] Validating administratorAuthenticated ... PASS
INFO [acme.framework.utilities.DatabasePopulator] Sorting your entities topologically.
INFO [acme.framework.utilities.DatabasePopulator] > Setting index 0 for anonymousUserAccount.
INFO [acme.framework.utilities.DatabasePopulator] > Setting index 1 for anonymousAnonymous.
INFO [acme.framework.utilities.DatabasePopulator] > Setting index 2 for administratorUserAccount.
INFO [acme.framework.utilities.DatabasePopulator] > Setting index 3 for administratorAdministrator.
INFO [acme.framework.utilities.DatabasePopulator] > Setting index 4 for administratorAuthenticated.
INFO [acme.framework.utilities.DatabasePopulator] Persiting your entities.
INFO [acme.framework.utilities.DatabasePopulator] > Persisting anonymousUserAccount = acme.framework.entities.UserAccount{id=1, version=0}
INFO [acme.framework.utilities.DatabasePopulator] > Persisting anonymousAnonymous = acme.framework.entities.Anonymous{id=2, version=0}
INFO [acme.framework.utilities.DatabasePopulator] > Persisting administratorUserAccount = acme.framework.entities.UserAccount{id=3, version=0}
INFO [acme.framework.utilities.DatabasePopulator] > Persisting administratorAdministrator = acme.framework.entities.Administrator{id=4, version=0}
INFO [acme.framework.utilities.DatabasePopulator] > Persisting administratorAuthenticated = acme.framework.entities.Authenticated{id=5, version=0}
INFO [acme.framework.configuration.ShutdownConfiguration] The system is shutting down...
ERROR [org.springframework.orm.jpa.LocalContainerEntityManagerFactoryBean] Failed to initialize JPA EntityManagerFactory: [PersistenceUnit: default] Unable to build Hibernate SessionFactory; nested exception is org.hibernate.tool.schema.spi.SchemaManagementException: Schema-validation: missing table [administrator]
WARN [org.springframework.boot.web.servlet.context.AnnotationConfigServletWebServerApplicationContext] Exception encountered during context initialization - cancelling refresh attempt: org.springframework.beans.factory.BeanCreationException: Error creating bean with name 'entityManagerFactory' defined in class path resource [org/springframework/boot/autoconfigure/orm/jpa/HibernateJpaConfiguration.class]: Invocation of init method failed; nested exception is javax.persistence.PersistenceException: [PersistenceUnit: default] Unable to build Hibernate SessionFactory; nested exception is org.hibernate.tool.schema.spi.SchemaManagementException: Schema-validation: missing table [administrator]
ERROR [org.springframework.boot.SpringApplication] at org.springframework.beans.factory.support.AbstractAutowireCapableBeanFactory.initializeBean(AbstractAutowireCapableBeanFactory.java:1788): Error creating bean with name 'entityManagerFactory' defined in class path resource [org/springframework/boot/autoconfigure/orm/jpa/HibernateJpaConfiguration.class]: Invocation of init method failed; nested exception is javax.persistence.PersistenceException: [PersistenceUnit: default] Unable to build Hibernate SessionFactory; nested exception is org.hibernate.tool.schema.spi.SchemaManagementException: Schema-validation: missing table [administrator]
at org.springframework.orm.jpa.AbstractEntityManagerFactoryBean.buildNativeEntityManagerFactory(AbstractEntityManagerFactoryBean.java:421): [PersistenceUnit: default] Unable to build Hibernate SessionFactory; nested exception is org.hibernate.tool.schema.spi.SchemaManagementException: Schema-validation: missing table [administrator]
at org.hibernate.tool.schema.internal.AbstractSchemaValidator.validateTable(AbstractSchemaValidator.java:121): Schema-validation: missing table [administrator]
INFO [acme.Launcher] Starting Launcher using Java 1.8.0_281 on LAPTOP-3MG9834M with PID 18180 (C:\Users\fjrod\Workspace-21.1\Projects\2020-G2-DP2-JUNE-G18\target\classes started by fjrod in C:\Users\fjrod\Workspace-21.1\Projects\2020-G2-DP2-JUNE-G18)
INFO [acme.Launcher] The following profiles are active: development,populator
INFO [acme.Launcher] Started Launcher in 8.249 seconds (JVM running for 8.971)
INFO [acme.framework.utilities.DatabasePopulator] Populating initial data
INFO [acme.framework.utilities.DatabasePopulator] Recreating schema
INFO [acme.framework.utilities.DatabasePopulator] Populating entities from classpath:/WEB-INF/population/initial-data.xml
INFO [acme.framework.utilities.DatabasePopulator] Validating your entities.
INFO [acme.framework.utilities.DatabasePopulator] Validating anonymousUserAccount ... PASS
INFO [acme.framework.utilities.DatabasePopulator] Validating anonymousAnonymous ... PASS
INFO [acme.framework.utilities.DatabasePopulator] Validating administratorUserAccount ... PASS
INFO [acme.framework.utilities.DatabasePopulator] Validating administratorAdministrator ... PASS
INFO [acme.framework.utilities.DatabasePopulator] Validating administratorAuthenticated ... PASS
INFO [acme.framework.utilities.DatabasePopulator] Sorting your entities topologically.
INFO [acme.framework.utilities.DatabasePopulator] > Setting index 0 for anonymousUserAccount.
INFO [acme.framework.utilities.DatabasePopulator] > Setting index 1 for anonymousAnonymous.
INFO [acme.framework.utilities.DatabasePopulator] > Setting index 2 for administratorUserAccount.
INFO [acme.framework.utilities.DatabasePopulator] > Setting index 3 for administratorAdministrator.
INFO [acme.framework.utilities.DatabasePopulator] > Setting index 4 for administratorAuthenticated.
INFO [acme.framework.utilities.DatabasePopulator] Persiting your entities.
INFO [acme.framework.utilities.DatabasePopulator] > Persisting anonymousUserAccount = acme.framework.entities.UserAccount{id=1, version=0}
INFO [acme.framework.utilities.DatabasePopulator] > Persisting anonymousAnonymous = acme.framework.entities.Anonymous{id=2, version=0}
INFO [acme.framework.utilities.DatabasePopulator] > Persisting administratorUserAccount = acme.framework.entities.UserAccount{id=3, version=0}
INFO [acme.framework.utilities.DatabasePopulator] > Persisting administratorAdministrator = acme.framework.entities.Administrator{id=4, version=0}
INFO [acme.framework.utilities.DatabasePopulator] > Persisting administratorAuthenticated = acme.framework.entities.Authenticated{id=5, version=0}
INFO [acme.framework.configuration.ShutdownConfiguration] The system is shutting down...
INFO [acme.Launcher] Starting Launcher using Java 1.8.0_271 on DESKTOP-08JJ4PU with PID 13800 (C:\Users\Juan Manuel Garcia\git\DP2-G18-SP2\target\classes started by Juan Manuel Garcia in C:\Users\Juan Manuel Garcia\git\DP2-G18-SP2)
INFO [acme.Launcher] The following profiles are active: development,populator
INFO [acme.Launcher] Started Launcher in 4.32 seconds (JVM running for 4.745)
INFO [acme.framework.utilities.DatabasePopulator] Populating sample data
INFO [acme.framework.utilities.DatabasePopulator] Recreating schema
INFO [acme.framework.utilities.DatabasePopulator] Populating entities from classpath:/WEB-INF/population/initial-data.xml
INFO [acme.framework.utilities.DatabasePopulator] Validating your entities.
INFO [acme.framework.utilities.DatabasePopulator] Validating anonymousUserAccount ... PASS
INFO [acme.framework.utilities.DatabasePopulator] Validating anonymousAnonymous ... PASS
INFO [acme.framework.utilities.DatabasePopulator] Validating administratorUserAccount ... PASS
INFO [acme.framework.utilities.DatabasePopulator] Validating administratorAdministrator ... PASS
INFO [acme.framework.utilities.DatabasePopulator] Validating administratorAuthenticated ... PASS
INFO [acme.framework.utilities.DatabasePopulator] Sorting your entities topologically.
INFO [acme.framework.utilities.DatabasePopulator] > Setting index 0 for anonymousUserAccount.
INFO [acme.framework.utilities.DatabasePopulator] > Setting index 1 for anonymousAnonymous.
INFO [acme.framework.utilities.DatabasePopulator] > Setting index 2 for administratorUserAccount.
INFO [acme.framework.utilities.DatabasePopulator] > Setting index 3 for administratorAdministrator.
INFO [acme.framework.utilities.DatabasePopulator] > Setting index 4 for administratorAuthenticated.
INFO [acme.framework.utilities.DatabasePopulator] Persiting your entities.
INFO [acme.framework.utilities.DatabasePopulator] > Persisting anonymousUserAccount = acme.framework.entities.UserAccount{id=1, version=0}
INFO [acme.framework.utilities.DatabasePopulator] > Persisting anonymousAnonymous = acme.framework.entities.Anonymous{id=2, version=0}
INFO [acme.framework.utilities.DatabasePopulator] > Persisting administratorUserAccount = acme.framework.entities.UserAccount{id=3, version=0}
INFO [acme.framework.utilities.DatabasePopulator] > Persisting administratorAdministrator = acme.framework.entities.Administrator{id=4, version=0}
INFO [acme.framework.utilities.DatabasePopulator] > Persisting administratorAuthenticated = acme.framework.entities.Authenticated{id=5, version=0}
INFO [acme.framework.utilities.DatabasePopulator] Populating entities from classpath:/WEB-INF/population/sample-data.xml
INFO [acme.framework.utilities.DatabasePopulator] Validating your entities.
INFO [acme.framework.utilities.DatabasePopulator] Validating shout01 ... PASS
INFO [acme.framework.utilities.DatabasePopulator] Validating shout02 ... PASS
INFO [acme.framework.utilities.DatabasePopulator] Validating shout03 ... PASS
INFO [acme.framework.utilities.DatabasePopulator] Validating task01 ... PASS
INFO [acme.framework.utilities.DatabasePopulator] Sorting your entities topologically.
INFO [acme.framework.utilities.DatabasePopulator] > Setting index 0 for shout01.
INFO [acme.framework.utilities.DatabasePopulator] > Setting index 1 for shout02.
INFO [acme.framework.utilities.DatabasePopulator] > Setting index 2 for shout03.
INFO [acme.framework.utilities.DatabasePopulator] > Setting index 3 for task01.
INFO [acme.framework.utilities.DatabasePopulator] Persiting your entities.
INFO [acme.framework.utilities.DatabasePopulator] > Persisting shout01 = acme.entities.shouts.Shout{id=6, version=0}
INFO [acme.framework.utilities.DatabasePopulator] > Persisting shout02 = acme.entities.shouts.Shout{id=7, version=0}
INFO [acme.framework.utilities.DatabasePopulator] > Persisting shout03 = acme.entities.shouts.Shout{id=8, version=0}
INFO [acme.framework.utilities.DatabasePopulator] > Persisting task01 = acme.entities.tasks.Task{id=9, version=0}
INFO [acme.framework.configuration.ShutdownConfiguration] The system is shutting down...
INFO [acme.Launcher] Starting Launcher using Java 1.8.0_271 on DESKTOP-08JJ4PU with PID 12720 (C:\Users\Juan Manuel Garcia\git\DP2-G18-SP2\target\classes started by Juan Manuel Garcia in C:\Users\Juan Manuel Garcia\git\DP2-G18-SP2)
INFO [acme.Launcher] The following profiles are active: development,populator
INFO [acme.Launcher] Started Launcher in 4.406 seconds (JVM running for 4.849)
INFO [acme.framework.utilities.DatabasePopulator] Populating sample data
INFO [acme.framework.utilities.DatabasePopulator] Recreating schema
INFO [acme.framework.utilities.DatabasePopulator] Populating entities from classpath:/WEB-INF/population/initial-data.xml
INFO [acme.framework.utilities.DatabasePopulator] Validating your entities.
INFO [acme.framework.utilities.DatabasePopulator] Validating anonymousUserAccount ... PASS
INFO [acme.framework.utilities.DatabasePopulator] Validating anonymousAnonymous ... PASS
INFO [acme.framework.utilities.DatabasePopulator] Validating administratorUserAccount ... PASS
INFO [acme.framework.utilities.DatabasePopulator] Validating administratorAdministrator ... PASS
INFO [acme.framework.utilities.DatabasePopulator] Validating administratorAuthenticated ... PASS
INFO [acme.framework.utilities.DatabasePopulator] Sorting your entities topologically.
INFO [acme.framework.utilities.DatabasePopulator] > Setting index 0 for anonymousUserAccount.
INFO [acme.framework.utilities.DatabasePopulator] > Setting index 1 for anonymousAnonymous.
INFO [acme.framework.utilities.DatabasePopulator] > Setting index 2 for administratorUserAccount.
INFO [acme.framework.utilities.DatabasePopulator] > Setting index 3 for administratorAdministrator.
INFO [acme.framework.utilities.DatabasePopulator] > Setting index 4 for administratorAuthenticated.
INFO [acme.framework.utilities.DatabasePopulator] Persiting your entities.
INFO [acme.framework.utilities.DatabasePopulator] > Persisting anonymousUserAccount = acme.framework.entities.UserAccount{id=1, version=0}
INFO [acme.framework.utilities.DatabasePopulator] > Persisting anonymousAnonymous = acme.framework.entities.Anonymous{id=2, version=0}
INFO [acme.framework.utilities.DatabasePopulator] > Persisting administratorUserAccount = acme.framework.entities.UserAccount{id=3, version=0}
INFO [acme.framework.utilities.DatabasePopulator] > Persisting administratorAdministrator = acme.framework.entities.Administrator{id=4, version=0}
INFO [acme.framework.utilities.DatabasePopulator] > Persisting administratorAuthenticated = acme.framework.entities.Authenticated{id=5, version=0}
INFO [acme.framework.utilities.DatabasePopulator] Populating entities from classpath:/WEB-INF/population/sample-data.xml
INFO [acme.framework.utilities.DatabasePopulator] Validating your entities.
INFO [acme.framework.utilities.DatabasePopulator] Validating shout01 ... PASS
INFO [acme.framework.utilities.DatabasePopulator] Validating shout02 ... PASS
INFO [acme.framework.utilities.DatabasePopulator] Validating shout03 ... PASS
INFO [acme.framework.utilities.DatabasePopulator] Validating task01 ... PASS
INFO [acme.framework.utilities.DatabasePopulator] Sorting your entities topologically.
INFO [acme.framework.utilities.DatabasePopulator] > Setting index 0 for shout01.
INFO [acme.framework.utilities.DatabasePopulator] > Setting index 1 for shout02.
INFO [acme.framework.utilities.DatabasePopulator] > Setting index 2 for shout03.
INFO [acme.framework.utilities.DatabasePopulator] > Setting index 3 for task01.
INFO [acme.framework.utilities.DatabasePopulator] Persiting your entities.
INFO [acme.framework.utilities.DatabasePopulator] > Persisting shout01 = acme.entities.shouts.Shout{id=6, version=0}
INFO [acme.framework.utilities.DatabasePopulator] > Persisting shout02 = acme.entities.shouts.Shout{id=7, version=0}
INFO [acme.framework.utilities.DatabasePopulator] > Persisting shout03 = acme.entities.shouts.Shout{id=8, version=0}
INFO [acme.framework.utilities.DatabasePopulator] > Persisting task01 = acme.entities.tasks.Task{id=9, version=0}
INFO [acme.framework.configuration.ShutdownConfiguration] The system is shutting down...
ERROR [org.apache.catalina.core.ContainerBase.[Tomcat].[localhost].[/Acme-Planner].[jsp]] at org.apache.jasper.runtime.JspRuntimeLibrary.getValueFromPropertyEditorManager(JspRuntimeLibrary.java:873): Unable to convert string [start_date] to class [java.time.LocalDateTime] for attribute [path]: [Property Editor not registered with the PropertyEditorManager]
ERROR [org.apache.catalina.core.ContainerBase.[Tomcat].[localhost].[/Acme-Planner].[jsp]] at org.apache.tiles.request.servlet.ServletUtil.wrapServletException(ServletUtil.java:61): JSPException including path '../anonymous/task/form.jsp'.
at org.apache.jasper.runtime.JspRuntimeLibrary.getValueFromPropertyEditorManager(JspRuntimeLibrary.java:873): Unable to convert string [start_date] to class [java.time.LocalDateTime] for attribute [path]: [Property Editor not registered with the PropertyEditorManager]
ERROR [org.apache.catalina.core.ContainerBase.[Tomcat].[localhost].[/Acme-Planner].[dispatcherServlet]] at org.apache.jasper.runtime.JspRuntimeLibrary.getValueFromPropertyEditorManager(JspRuntimeLibrary.java:873): Unable to convert string [start_date] to class [java.time.LocalDateTime] for attribute [path]: [Property Editor not registered with the PropertyEditorManager]
ERROR [org.apache.jsp.WEB_002dINF.views.framework.panic_jsp] HTTP GET /Acme-Planner/master/panic HTTP/1.1
ERROR [org.apache.jsp.WEB_002dINF.views.framework.panic_jsp] Status: 500
ERROR [org.apache.jsp.WEB_002dINF.views.framework.panic_jsp] Exception: org.springframework.web.servlet.FrameworkServlet.processRequest(FrameworkServlet.java:1014): Request processing failed; nested exception is org.apache.tiles.request.render.CannotRenderException: JSPException including path '../anonymous/task/form.jsp'.
org.apache.tiles.impl.BasicTilesContainer.render(BasicTilesContainer.java:399): JSPException including path '../anonymous/task/form.jsp'.
org.apache.tiles.request.servlet.ServletUtil.wrapServletException(ServletUtil.java:61): JSPException including path '../anonymous/task/form.jsp'.
org.apache.jasper.runtime.JspRuntimeLibrary.getValueFromPropertyEditorManager(JspRuntimeLibrary.java:873): Unable to convert string [start_date] to class [java.time.LocalDateTime] for attribute [path]: [Property Editor not registered with the PropertyEditorManager]
ERROR [org.apache.jsp.WEB_002dINF.views.framework.panic_jsp] HTTP POST /Acme-Planner/WEB-INF/views/framework/page.jsp HTTP/1.1
ERROR [org.apache.jsp.WEB_002dINF.views.framework.panic_jsp] Status: 500
ERROR [org.apache.jsp.WEB_002dINF.views.framework.panic_jsp] Exception: org.hibernate.validator.internal.constraintvalidators.hv.ScriptAssertContext.evaluateScriptAssertExpression(ScriptAssertContext.java:52): HV000023: Error during execution of script "_this.itFits() == true;" occurred.
org.hibernate.validator.spi.scripting.ScriptEngineScriptEvaluator.doEvaluate(ScriptEngineScriptEvaluator.java:70): HV000233: An error occurred while executing the script: "_this.itFits() == true;".
java.lang.NullPointerException
ERROR [org.apache.jsp.WEB_002dINF.views.framework.panic_jsp] HTTP POST /Acme-Planner/WEB-INF/views/framework/page.jsp HTTP/1.1
ERROR [org.apache.jsp.WEB_002dINF.views.framework.panic_jsp] Status: 500
ERROR [org.apache.jsp.WEB_002dINF.views.framework.panic_jsp] Exception: org.springframework.web.servlet.mvc.method.RequestMappingInfoHandlerMapping.handleNoMatch(RequestMappingInfoHandlerMapping.java:250): Request method 'POST' not supported
ERROR [org.apache.jsp.WEB_002dINF.views.framework.panic_jsp] HTTP POST /Acme-Planner/WEB-INF/views/framework/page.jsp HTTP/1.1
ERROR [org.apache.jsp.WEB_002dINF.views.framework.panic_jsp] Status: 500
ERROR [org.apache.jsp.WEB_002dINF.views.framework.panic_jsp] Exception: org.springframework.web.servlet.mvc.method.RequestMappingInfoHandlerMapping.handleNoMatch(RequestMappingInfoHandlerMapping.java:250): Request method 'POST' not supported
ERROR [org.apache.jsp.WEB_002dINF.views.framework.panic_jsp] HTTP POST /Acme-Planner/WEB-INF/views/framework/page.jsp HTTP/1.1
ERROR [org.apache.jsp.WEB_002dINF.views.framework.panic_jsp] Status: 500
ERROR [org.apache.jsp.WEB_002dINF.views.framework.panic_jsp] Exception: org.springframework.web.servlet.mvc.method.RequestMappingInfoHandlerMapping.handleNoMatch(RequestMappingInfoHandlerMapping.java:250): Request method 'POST' not supported
ERROR [org.apache.jsp.WEB_002dINF.views.framework.panic_jsp] HTTP POST /Acme-Planner/WEB-INF/views/framework/page.jsp HTTP/1.1
ERROR [org.apache.jsp.WEB_002dINF.views.framework.panic_jsp] Status: 500
ERROR [org.apache.jsp.WEB_002dINF.views.framework.panic_jsp] Exception: org.springframework.web.servlet.DispatcherServlet.doDispatch(DispatcherServlet.java:1075): Handler dispatch failed; nested exception is java.lang.AssertionError
java.lang.AssertionError
ERROR [org.springframework.orm.jpa.LocalContainerEntityManagerFactoryBean] Failed to initialize JPA EntityManagerFactory: [PersistenceUnit: default] Unable to build Hibernate SessionFactory; nested exception is org.hibernate.tool.schema.spi.SchemaManagementException: Schema-validation: missing column [info] in table [task]
WARN [org.springframework.boot.web.servlet.context.AnnotationConfigServletWebServerApplicationContext] Exception encountered during context initialization - cancelling refresh attempt: org.springframework.beans.factory.BeanCreationException: Error creating bean with name 'entityManagerFactory' defined in class path resource [org/springframework/boot/autoconfigure/orm/jpa/HibernateJpaConfiguration.class]: Invocation of init method failed; nested exception is javax.persistence.PersistenceException: [PersistenceUnit: default] Unable to build Hibernate SessionFactory; nested exception is org.hibernate.tool.schema.spi.SchemaManagementException: Schema-validation: missing column [info] in table [task]
ERROR [org.springframework.boot.SpringApplication] at org.springframework.beans.factory.support.AbstractAutowireCapableBeanFactory.initializeBean(AbstractAutowireCapableBeanFactory.java:1788): Error creating bean with name 'entityManagerFactory' defined in class path resource [org/springframework/boot/autoconfigure/orm/jpa/HibernateJpaConfiguration.class]: Invocation of init method failed; nested exception is javax.persistence.PersistenceException: [PersistenceUnit: default] Unable to build Hibernate SessionFactory; nested exception is org.hibernate.tool.schema.spi.SchemaManagementException: Schema-validation: missing column [info] in table [task]
at org.springframework.orm.jpa.AbstractEntityManagerFactoryBean.buildNativeEntityManagerFactory(AbstractEntityManagerFactoryBean.java:421): [PersistenceUnit: default] Unable to build Hibernate SessionFactory; nested exception is org.hibernate.tool.schema.spi.SchemaManagementException: Schema-validation: missing column [info] in table [task]
at org.hibernate.tool.schema.internal.AbstractSchemaValidator.validateTable(AbstractSchemaValidator.java:136): Schema-validation: missing column [info] in table [task]
ERROR [org.apache.jsp.WEB_002dINF.views.framework.panic_jsp] HTTP POST /Acme-Planner/WEB-INF/views/framework/page.jsp HTTP/1.1
ERROR [org.apache.jsp.WEB_002dINF.views.framework.panic_jsp] Status: 500
ERROR [org.apache.jsp.WEB_002dINF.views.framework.panic_jsp] Exception: org.hibernate.validator.internal.constraintvalidators.hv.ScriptAssertContext.evaluateScriptAssertExpression(ScriptAssertContext.java:52): HV000023: Error during execution of script "_this.start_date.compare(_this.end_date) == -1;" occurred.
org.hibernate.validator.spi.scripting.ScriptEngineScriptEvaluator.doEvaluate(ScriptEngineScriptEvaluator.java:70): HV000233: An error occurred while executing the script: "_this.start_date.compare(_this.end_date) == -1;".
jdk.nashorn.api.scripting.NashornScriptEngine.throwAsScriptException(NashornScriptEngine.java:470): TypeError: _this.start_date.compare is not a function in <eval> at line number 1
jdk.nashorn.internal.runtime.ECMAErrors.error(ECMAErrors.java:57): TypeError: _this.start_date.compare is not a function
ERROR [org.apache.jsp.WEB_002dINF.views.framework.panic_jsp] HTTP POST /Acme-Planner/WEB-INF/views/framework/page.jsp HTTP/1.1
ERROR [org.apache.jsp.WEB_002dINF.views.framework.panic_jsp] Status: 500
ERROR [org.apache.jsp.WEB_002dINF.views.framework.panic_jsp] Exception: org.hibernate.validator.internal.constraintvalidators.hv.ScriptAssertContext.evaluateScriptAssertExpression(ScriptAssertContext.java:52): HV000023: Error during execution of script "_this.okDates() == true;" occurred.
org.hibernate.validator.spi.scripting.ScriptEngineScriptEvaluator.doEvaluate(ScriptEngineScriptEvaluator.java:70): HV000233: An error occurred while executing the script: "_this.okDates() == true;".
jdk.nashorn.api.scripting.NashornScriptEngine.throwAsScriptException(NashornScriptEngine.java:470): TypeError: _this.okDates is not a function in <eval> at line number 1
jdk.nashorn.internal.runtime.ECMAErrors.error(ECMAErrors.java:57): TypeError: _this.okDates is not a function
ERROR [org.apache.jsp.WEB_002dINF.views.framework.panic_jsp] HTTP POST /Acme-Planner/WEB-INF/views/framework/page.jsp HTTP/1.1
ERROR [org.apache.jsp.WEB_002dINF.views.framework.panic_jsp] Status: 500
ERROR [org.apache.jsp.WEB_002dINF.views.framework.panic_jsp] Exception: org.hibernate.validator.internal.constraintvalidators.hv.ScriptAssertContext.evaluateScriptAssertExpression(ScriptAssertContext.java:52): HV000023: Error during execution of script "_this.okDates() == false;" occurred.
org.hibernate.validator.spi.scripting.ScriptEngineScriptEvaluator.doEvaluate(ScriptEngineScriptEvaluator.java:70): HV000233: An error occurred while executing the script: "_this.okDates() == false;".
jdk.nashorn.api.scripting.NashornScriptEngine.throwAsScriptException(NashornScriptEngine.java:470): TypeError: _this.okDates is not a function in <eval> at line number 1
jdk.nashorn.internal.runtime.ECMAErrors.error(ECMAErrors.java:57): TypeError: _this.okDates is not a function
